<?xml version="1.0" encoding="UTF-8"?>
<!-- Generated by org.testng.reporters.JUnitXMLReporter -->
<testsuite hostname="Prafulla-PC" name="This is Title page test" tests="8" failures="0" timestamp="6 Aug 2019 08:21:31 GMT" time="0.039" errors="0">
  <testcase name="testMethodTwo" time="0.004" classname="com.Test.basicsTest"/>
  <testcase name="testMethodThree" time="0.001" classname="com.Test.basicsTest"/>
  <testcase name="testMethodThree" time="0.001" classname="com.Test.basicsTest"/>
  <testcase name="testMethodThree" time="0.002" classname="com.Test.basicsTest"/>
  <testcase name="testMethodThree" time="0.001" classname="com.Test.basicsTest"/>
  <testcase name="testMethodThree" time="0.0" classname="com.Test.basicsTest"/>
  <testcase name="testMethod" time="0.001" classname="com.Test.basicsTest"/>
  <testcase name="infiniteLoop" time="0.008" classname="com.Test.basicsTest"/>
</testsuite> <!-- This is Title page test -->
