<?xml version="1.0" encoding="UTF-8"?>
<testng-results skipped="0" failed="0" total="3" passed="3">
  <reporter-output>
  </reporter-output>
  <suite name="Default suite" duration-ms="58" started-at="2019-09-03T17:16:51Z" finished-at="2019-09-03T17:16:51Z">
    <groups>
    </groups>
    <test name="Default test" duration-ms="58" started-at="2019-09-03T17:16:51Z" finished-at="2019-09-03T17:16:51Z">
      <class name="com.qa.test.TestOne">
        <test-method status="PASS" signature="multi()[pri:0, instance:com.qa.test.TestOne@1c53fd30]" name="multi" duration-ms="41" started-at="2019-09-03T22:46:51Z" finished-at="2019-09-03T22:46:51Z">
          <reporter-output>
          </reporter-output>
        </test-method> <!-- multi -->
        <test-method status="PASS" signature="sub()[pri:0, instance:com.qa.test.TestOne@1c53fd30]" name="sub" duration-ms="1" started-at="2019-09-03T22:46:51Z" finished-at="2019-09-03T22:46:51Z">
          <reporter-output>
          </reporter-output>
        </test-method> <!-- sub -->
        <test-method status="PASS" signature="sum()[pri:0, instance:com.qa.test.TestOne@1c53fd30]" name="sum" duration-ms="1" started-at="2019-09-03T22:46:51Z" finished-at="2019-09-03T22:46:51Z">
          <reporter-output>
          </reporter-output>
        </test-method> <!-- sum -->
      </class> <!-- com.qa.test.TestOne -->
    </test> <!-- Default test -->
  </suite> <!-- Default suite -->
</testng-results>
