<?xml version="1.0" encoding="UTF-8"?>
<testng-results skipped="0" failed="0" total="1" passed="1">
  <reporter-output>
  </reporter-output>
  <suite name="Default suite" duration-ms="696" started-at="2019-10-08T16:13:38Z" finished-at="2019-10-08T16:13:39Z">
    <groups>
    </groups>
    <test name="Default test" duration-ms="696" started-at="2019-10-08T16:13:38Z" finished-at="2019-10-08T16:13:39Z">
      <class name="com.railway.testCases.Captcha">
        <test-method status="PASS" signature="Captcha()[pri:0, instance:com.railway.testCases.Captcha@7cf10a6f]" name="Captcha" duration-ms="685" started-at="2019-10-08T21:43:39Z" finished-at="2019-10-08T21:43:39Z">
          <reporter-output>
          </reporter-output>
        </test-method> <!-- Captcha -->
      </class> <!-- com.railway.testCases.Captcha -->
    </test> <!-- Default test -->
  </suite> <!-- Default suite -->
</testng-results>
