<?xml version="1.0" encoding="UTF-8"?>
<robot generator="Robot 3.1.2 (Python 3.7.1 on win32)" generated="20190830 05:59:08.861" rpa="false">
<suite id="s1" name="ProjectOne" source="E:\ANKUR MALVIYA\eclipse\ecllipse RED\ProjectOne">
<suite id="s1-s1" name="TestTwo" source="E:\ANKUR MALVIYA\eclipse\ecllipse RED\ProjectOne\TestTwo">
<suite id="s1-s1-s1" name="ProgTwo" source="E:\ANKUR MALVIYA\eclipse\ecllipse RED\ProjectOne\TestTwo\ProgTwo.robot">
<test id="s1-s1-s1-t1" name="TestCasePrint">
<kw name="Open Browser" library="SeleniumLibrary">
<doc>Opens a new browser instance to the given ``url``.</doc>
<arguments>
<arg>https://www.freecrm.com/</arg>
<arg>chrome</arg>
</arguments>
<msg timestamp="20190830 05:59:09.094" level="INFO">Opening browser 'chrome' to base url 'https://www.freecrm.com/'.</msg>
<status status="PASS" starttime="20190830 05:59:09.093" endtime="20190830 05:59:19.420"></status>
</kw>
<kw name="Sleep" library="BuiltIn">
<doc>Pauses the test executed for the given time.</doc>
<arguments>
<arg>3</arg>
</arguments>
<msg timestamp="20190830 05:59:22.423" level="INFO">Slept 3 seconds</msg>
<status status="PASS" starttime="20190830 05:59:19.422" endtime="20190830 05:59:22.424"></status>
</kw>
<kw name="Click Element" library="SeleniumLibrary">
<doc>Click element identified by ``locator``.</doc>
<arguments>
<arg>xpath=//span[text()='Log In']</arg>
</arguments>
<msg timestamp="20190830 05:59:22.426" level="INFO">Clicking element 'xpath=//span[text()='Log In']'.</msg>
<status status="PASS" starttime="20190830 05:59:22.424" endtime="20190830 05:59:32.901"></status>
</kw>
<kw name="Log" library="BuiltIn">
<doc>Logs the given message with the given level.</doc>
<arguments>
<arg>Its completed</arg>
</arguments>
<msg timestamp="20190830 05:59:32.904" level="INFO">Its completed</msg>
<status status="PASS" starttime="20190830 05:59:32.902" endtime="20190830 05:59:32.904"></status>
</kw>
<doc>Hello this first Self Made Prog</doc>
<status status="PASS" starttime="20190830 05:59:09.092" endtime="20190830 05:59:32.905" critical="yes"></status>
</test>
<status status="PASS" starttime="20190830 05:59:08.923" endtime="20190830 05:59:32.907"></status>
</suite>
<status status="PASS" starttime="20190830 05:59:08.921" endtime="20190830 05:59:32.913"></status>
</suite>
<status status="PASS" starttime="20190830 05:59:08.893" endtime="20190830 05:59:32.917"></status>
</suite>
<statistics>
<total>
<stat pass="1" fail="0">Critical Tests</stat>
<stat pass="1" fail="0">All Tests</stat>
</total>
<tag>
</tag>
<suite>
<stat pass="1" fail="0" id="s1" name="ProjectOne">ProjectOne</stat>
<stat pass="1" fail="0" id="s1-s1" name="TestTwo">ProjectOne.TestTwo</stat>
<stat pass="1" fail="0" id="s1-s1-s1" name="ProgTwo">ProjectOne.TestTwo.ProgTwo</stat>
</suite>
</statistics>
<errors>
</errors>
</robot>
