<?xml version="1.0" encoding="UTF-8"?>
<!-- Generated by org.testng.reporters.JUnitXMLReporter -->
<testsuite hostname="Prafulla-PC" name="Test" tests="3" failures="2" timestamp="15 Aug 2019 13:12:25 GMT" time="207.74" errors="0">
  <testcase name="testVerifyVersion" time="12.983" classname="com.actitime.test.VerifyVersionTest"/>
  <testcase name="testInvalidLogin" time="18.963" classname="com.actitime.test.InvalidLoginTest">
    <failure type="java.lang.AssertionError" message="null">
      <![CDATA[java.lang.AssertionError: null
	at com.actitime.generic.BasePage.verifyElement(BasePage.java:43)
	at com.actitime.page.LoginPage.verifyErrorMsg(LoginPage.java:58)
	at com.actitime.test.InvalidLoginTest.testInvalidLogin(InvalidLoginTest.java:44)
... Removed 26 stack frames]]>
    </failure>
  </testcase> <!-- testInvalidLogin -->
  <testcase name="testValidliginLogout" time="30.478" classname="com.actitime.test.ValidlogoutTest">
    <failure type="java.lang.AssertionError" message="null">
      <![CDATA[java.lang.AssertionError: null
	at com.actitime.generic.BasePage.verifyTitle(BasePage.java:29)
	at com.actitime.page.LoginPage.verifyPage(LoginPage.java:46)
	at com.actitime.test.ValidlogoutTest.testValidliginLogout(ValidlogoutTest.java:24)
... Removed 26 stack frames]]>
    </failure>
  </testcase> <!-- testValidliginLogout -->
</testsuite> <!-- Test -->
