<?xml version="1.0" encoding="UTF-8"?>
<testng-results skipped="0" failed="0" ignored="0" total="0" passed="0">
  <reporter-output>
  </reporter-output>
  <suite name="com.railway.generic.BaseTest" duration-ms="6" started-at="2019-10-07T07:57:03 IST" finished-at="2019-10-07T07:57:03 IST">
    <groups>
    </groups>
    <test name="Command line test" duration-ms="6" started-at="2019-10-07T07:57:03 IST" finished-at="2019-10-07T07:57:03 IST">
    </test> <!-- Command line test -->
  </suite> <!-- com.railway.generic.BaseTest -->
</testng-results>
